Arguments: 
  C:\Program Files\nodejs\node.exe C:\Users\jairu\AppData\Roaming\npm\node_modules\yarn\bin\yarn.js add assemblyscript@0.20.18 --dev

PATH: 
  C:\Program Files\Zulu\zulu-17\bin\;C:\Python310\Scripts\;C:\Python310\;C:\WINDOWS\system32;C:\WINDOWS;C:\WINDOWS\System32\Wbem;C:\WINDOWS\System32\WindowsPowerShell\v1.0\;C:\WINDOWS\System32\OpenSSH\;C:\Program Files\nodejs\;C:\ProgramData\chocolatey\bin;C:\Program Files\Git\cmd;C:\Program Files\Wasmtime\bin;C:\Program Files\doctl\;C:\Program Files;C:\Program Files\FFmpeg\bin;C:\Program Files\Lunatic;C:\Users\jairu\AppData\Roaming\npm;C:\Users\jairu\AppData\Local\Programs\Microsoft VS Code\bin;C:\Program Files\Wasmtime\bin;

Yarn version: 
  1.22.19

Node version: 
  18.4.0

Platform: 
  win32 x64

Trace: 
  Error: read ECONNRESET
      at TLSWrap.onStreamRead (node:internal/stream_base_commons:217:20)

npm manifest: 
  {
    "name": "as-bracket",
    "version": "0.1.0",
    "description": "Bracket notation for AssemblyScript",
    "main": "./transform/lib/index.js",
    "scripts": {
      "build:test": "asc assembly/test.ts --target test",
      "build:transform": "tsc -p ./transform",
      "run:test": "wasmtime ./build/test.wasm"
    },
    "repository": {
      "type": "git",
      "url": "git+https://github.com/JairusSW/as-bracket.git"
    },
    "keywords": [
      "bracket",
      "notation",
      "property",
      "access",
      "assemblyscript",
      "transform"
    ],
    "author": "Jairus Tanaka",
    "contributors": [],
    "license": "MIT",
    "bugs": {
      "url": "https://github.com/JairusSW/as-bracket/issues"
    },
    "homepage": "https://github.com/JairusSW/as-bracket#readme",
    "dependencies": {
      "@assemblyscript/wasi-shim": "^0.1.0",
      "as-variant": "^0.4.0",
      "visitor-as": "^0.10.0"
    },
    "devDependencies": {
      "as-rainbow": "^0.1.0",
      "assemblyscript": "0.21.1",
      "typescript": "^4.8.2"
    },
    "type": "module",
    "exports": {
      ".": {
        "import": "./transform/lib/index.js",
        "types": "./transform/lib/index.d.ts"
      }
    }
  }

yarn manifest: 
  No manifest

Lockfile: 
  # THIS IS AN AUTOGENERATED FILE. DO NOT EDIT THIS FILE DIRECTLY.
  # yarn lockfile v1
  
  
  "@assemblyscript/loader@^0.19.5":
    version "0.19.23"
    resolved "https://registry.yarnpkg.com/@assemblyscript/loader/-/loader-0.19.23.tgz#7fccae28d0a2692869f1d1219d36093bc24d5e72"
    integrity sha512-ulkCYfFbYj01ie1MDOyxv2F6SpRN1TOj7fQxbP07D6HmeR+gr2JLSmINKjga2emB+b1L2KGrFKBTc+e00p54nw==
  
  "@assemblyscript/wasi-shim@^0.1.0":
    version "0.1.0"
    resolved "https://registry.yarnpkg.com/@assemblyscript/wasi-shim/-/wasi-shim-0.1.0.tgz#967108ee5e2a21dea1378af6313ff2a0d7a5c8dd"
    integrity sha512-fSLH7MdJHf2uDW5llA5VCF/CG62Jp2WkYGui9/3vIWs3jDhViGeQF7nMYLUjpigluM5fnq61I6obtCETy39FZw==
  
  as-rainbow@^0.1.0:
    version "0.1.0"
    resolved "https://registry.yarnpkg.com/as-rainbow/-/as-rainbow-0.1.0.tgz#af28a9a81fd6cc7130656830498a21792542520d"
    integrity sha512-mB/yOx9aT0zOsq0pub9wwYMfUK7iqkuFBT1s6raz3uCmsLBUlq3VBRCKsJExCe31EE5KCvlyb3ys0cwXKP8bxQ==
  
  as-variant@^0.4.0:
    version "0.4.0"
    resolved "https://registry.yarnpkg.com/as-variant/-/as-variant-0.4.0.tgz#14dad464a7aef8bf61c5f587b396f6915459befa"
    integrity sha512-EJUrF7R/G+TQ8t/cH2S7Z9t3v4eKfggCr7HBQGVRXCk+eehs7YOfvR7ScTSAt6vsOui9S5zCkXa1gAGZ9F7vJg==
    dependencies:
      "@assemblyscript/loader" "^0.19.5"
  
  assemblyscript@0.21.1:
    version "0.21.1"
    resolved "https://registry.yarnpkg.com/assemblyscript/-/assemblyscript-0.21.1.tgz#a1a1f902ae70a3378293885b3041232f32d82da4"
    integrity sha512-sBQMHVLRZ6M4qWWef+1ULXg8vYFwoPzNNAJlfCJSKzxJOoLf12Z42dFLPLQzIithuSLYgErUz+uoqaLM35Ne2g==
    dependencies:
      binaryen "109.0.0-nightly.20220813"
      long "^5.2.0"
  
  binaryen@109.0.0-nightly.20220813:
    version "109.0.0-nightly.20220813"
    resolved "https://registry.yarnpkg.com/binaryen/-/binaryen-109.0.0-nightly.20220813.tgz#6928acf8820fc1270d41dbb157c0c2337a067d20"
    integrity sha512-u85Ti3LiGRrV0HqdNDRknalkx7QiCSL0jNsEsT522nnZacWxUaSJEILphxc2OnzmHVtdiWBE3c4lEzlU3ZEyDw==
  
  lodash.clonedeep@^4.5.0:
    version "4.5.0"
    resolved "https://registry.yarnpkg.com/lodash.clonedeep/-/lodash.clonedeep-4.5.0.tgz#e23f3f9c4f8fbdde872529c1071857a086e5ccef"
    integrity sha512-H5ZhCF25riFd9uB5UCkVKo61m3S/xZk1x4wA6yp/L3RFP6Z/eHH1ymQcGLo7J3GMPfm0V/7m1tryHuGVxpqEBQ==
  
  long@^5.2.0:
    version "5.2.0"
    resolved "https://registry.yarnpkg.com/long/-/long-5.2.0.tgz#2696dadf4b4da2ce3f6f6b89186085d94d52fd61"
    integrity sha512-9RTUNjK60eJbx3uz+TEGF7fUr29ZDxR5QzXcyDpeSfeH28S9ycINflOgOlppit5U+4kNTe83KQnMEerw7GmE8w==
  
  ts-mixer@^6.0.1:
    version "6.0.1"
    resolved "https://registry.yarnpkg.com/ts-mixer/-/ts-mixer-6.0.1.tgz#7c2627fb98047eb5f3c7f2fee39d1521d18fe87a"
    integrity sha512-hvE+ZYXuINrx6Ei6D6hz+PTim0Uf++dYbK9FFifLNwQj+RwKquhQpn868yZsCtJYiclZF1u8l6WZxxKi+vv7Rg==
  
  typescript@^4.8.2:
    version "4.8.2"
    resolved "https://registry.yarnpkg.com/typescript/-/typescript-4.8.2.tgz#e3b33d5ccfb5914e4eeab6699cf208adee3fd790"
    integrity sha512-C0I1UsrrDHo2fYI5oaCGbSejwX4ch+9Y5jTQELvovfmFkK3HHSZJB8MSJcWLmCUBzQBchCrZ9rMRV6GuNrvGtw==
  
  visitor-as@^0.10.0:
    version "0.10.0"
    resolved "https://registry.yarnpkg.com/visitor-as/-/visitor-as-0.10.0.tgz#3a1c6654c8dcfc7cf918d9a0bb9b3b6ed0e3a9f3"
    integrity sha512-rrNyUCHKHCuqgbXoJQfIEAtcs4hmjO3oDjgBaC0isQGLs5xH8fkN0xU1f0Qqjlb6uuXzkzo9VbnvDEGfikQt3A==
    dependencies:
      lodash.clonedeep "^4.5.0"
      ts-mixer "^6.0.1"
